15:13:19 **** Incremental Build of configuration Nios II for project Moi_MA ****
make all 
Info: Building ../Moi_MA_bsp/
C:/intelFPGA_lite/18.1/nios2eds/bin/gnu/H-x86_64-mingw32/bin/make --no-print-directory -C ../Moi_MA_bsp/
[BSP build complete]
Info: Compiling hello_world.c to obj/default/hello_world.o
nios2-elf-gcc -xc -MP -MMD -c -I../Moi_MA_bsp//HAL/inc -I../Moi_MA_bsp/ -I../Moi_MA_bsp//drivers/inc  -pipe -D__hal__ -DALT_NO_INSTRUCTION_EMULATION -DALT_USE_SMALL_DRIVERS -DSMALL_C_LIB -DALT_SINGLE_THREADED    -O0 -g -Wall   -mno-hw-div -mno-hw-mul -mno-hw-mulx -mgpopt=global  -o obj/default/hello_world.o hello_world.c
Info: Linking Moi_MA.elf
nios2-elf-g++  -T'../Moi_MA_bsp//linker.x' -msys-crt0='../Moi_MA_bsp//obj/HAL/src/crt0.o' -msys-lib=hal_bsp -L../Moi_MA_bsp/  -msmallc  -Wl,-Map=Moi_MA.map   -O0 -g -Wall   -mno-hw-div -mno-hw-mul -mno-hw-mulx -mgpopt=global  -o Moi_MA.elf obj/default/hello_world.o -lm -msys-lib=m
nios2-elf-insert Moi_MA.elf --thread_model hal --cpu_name nios2_gen2_0 --qsys true --simulation_enabled false --stderr_dev jtag_uart_0 --stdin_dev jtag_uart_0 --stdout_dev jtag_uart_0 --sopc_system_name system --quartus_project_dir "E:/Hethongnhung_thayDang/Phan_thayThuan/Bai4_Timer" --jdi ../..//output_files/Bai4.jdi --sopcinfo E:/Hethongnhung_thayDang/Phan_thayThuan/Bai4_Timer/Software/Moi_MA_bsp/../../system.sopcinfo
Info: (Moi_MA.elf) 8768 Bytes program size (code + initialized data).
Info:              22 KBytes free for stack + heap.
Info: Creating Moi_MA.objdump
nios2-elf-objdump --disassemble --syms --all-header --source Moi_MA.elf >Moi_MA.objdump
[Moi_MA build complete]
15:13:30 **** Build of configuration Nios II for project Moi_MA ****
make all 
Info: Building ../Moi_MA_bsp/
C:/intelFPGA_lite/18.1/nios2eds/bin/gnu/H-x86_64-mingw32/bin/make --no-print-directory -C ../Moi_MA_bsp/
[BSP build complete]
[Moi_MA build complete]
15:13:48 **** Incremental Build of configuration Nios II for project Moi_MA ****
make all 
Info: Building ../Moi_MA_bsp/
C:/intelFPGA_lite/18.1/nios2eds/bin/gnu/H-x86_64-mingw32/bin/make --no-print-directory -C ../Moi_MA_bsp/
[BSP build complete]
[Moi_MA build complete]
